mode: set
github.com/KKGo-Software-engineering/workshop-summer/main.go:19.13,24.16 4 0
github.com/KKGo-Software-engineering/workshop-summer/main.go:24.16,26.3 1 0
github.com/KKGo-Software-engineering/workshop-summer/main.go:27.2,27.54 1 0
github.com/KKGo-Software-engineering/workshop-summer/main.go:27.54,29.3 1 0
github.com/KKGo-Software-engineering/workshop-summer/main.go:31.2,32.16 2 0
github.com/KKGo-Software-engineering/workshop-summer/main.go:32.16,34.3 1 0
github.com/KKGo-Software-engineering/workshop-summer/main.go:36.2,38.12 2 0
github.com/KKGo-Software-engineering/workshop-summer/main.go:38.12,39.87 1 0
github.com/KKGo-Software-engineering/workshop-summer/main.go:39.87,41.4 1 0
github.com/KKGo-Software-engineering/workshop-summer/main.go:44.2,54.40 7 0
github.com/KKGo-Software-engineering/workshop-summer/main.go:54.40,56.3 1 0
github.com/KKGo-Software-engineering/workshop-summer/main.go:57.2,57.43 1 0
github.com/KKGo-Software-engineering/workshop-summer/api/api.go:20.69,32.2 8 0
github.com/KKGo-Software-engineering/workshop-summer/api/api.go:32.2,36.3 3 0
github.com/KKGo-Software-engineering/workshop-summer/api/api.go:38.2,38.19 1 0
github.com/KKGo-Software-engineering/workshop-summer/api/mlog/middleware.go:9.57,10.54 1 0
github.com/KKGo-Software-engineering/workshop-summer/api/mlog/middleware.go:10.54,12.3 1 0
github.com/KKGo-Software-engineering/workshop-summer/api/mlog/middleware.go:15.90,16.36 1 0
github.com/KKGo-Software-engineering/workshop-summer/api/mlog/middleware.go:16.36,20.3 3 0
github.com/KKGo-Software-engineering/workshop-summer/api/mlog/middleware.go:23.66,25.19 2 0
github.com/KKGo-Software-engineering/workshop-summer/api/mlog/middleware.go:25.19,27.3 1 0
github.com/KKGo-Software-engineering/workshop-summer/api/mlog/middleware.go:28.2,30.32 2 0
github.com/KKGo-Software-engineering/workshop-summer/api/mlog/mlog.go:10.36,11.37 1 0
github.com/KKGo-Software-engineering/workshop-summer/api/mlog/mlog.go:12.19,13.16 1 0
github.com/KKGo-Software-engineering/workshop-summer/api/mlog/mlog.go:14.10,15.22 1 0
github.com/KKGo-Software-engineering/workshop-summer/migration/migration.go:13.40,15.53 2 0
github.com/KKGo-Software-engineering/workshop-summer/migration/migration.go:15.53,17.3 1 0
github.com/KKGo-Software-engineering/workshop-summer/migration/migration.go:18.2,18.42 1 0
github.com/KKGo-Software-engineering/workshop-summer/migration/migration.go:18.42,20.3 1 0
github.com/KKGo-Software-engineering/workshop-summer/migration/migration.go:21.2,21.12 1 0
github.com/KKGo-Software-engineering/workshop-summer/migration/migration.go:24.43,26.53 2 0
github.com/KKGo-Software-engineering/workshop-summer/migration/migration.go:26.53,28.3 1 0
github.com/KKGo-Software-engineering/workshop-summer/migration/migration.go:29.2,29.44 1 0
github.com/KKGo-Software-engineering/workshop-summer/migration/migration.go:29.44,31.3 1 0
github.com/KKGo-Software-engineering/workshop-summer/migration/migration.go:32.2,32.12 1 0
github.com/KKGo-Software-engineering/workshop-summer/api/config/config.go:19.38,21.2 1 1
github.com/KKGo-Software-engineering/workshop-summer/api/config/config.go:35.29,37.17 2 1
github.com/KKGo-Software-engineering/workshop-summer/api/config/config.go:37.17,39.3 1 1
github.com/KKGo-Software-engineering/workshop-summer/api/config/config.go:41.2,41.14 1 1
github.com/KKGo-Software-engineering/workshop-summer/api/config/config.go:47.19,49.2 1 0
github.com/KKGo-Software-engineering/workshop-summer/api/config/config.go:51.32,52.15 1 1
github.com/KKGo-Software-engineering/workshop-summer/api/config/config.go:52.15,54.3 1 1
github.com/KKGo-Software-engineering/workshop-summer/api/config/config.go:56.2,56.11 1 1
github.com/KKGo-Software-engineering/workshop-summer/api/config/config.go:59.46,65.59 3 1
github.com/KKGo-Software-engineering/workshop-summer/api/config/config.go:65.59,67.3 1 1
github.com/KKGo-Software-engineering/workshop-summer/api/config/config.go:69.2,70.58 2 1
github.com/KKGo-Software-engineering/workshop-summer/api/config/config.go:70.58,72.3 1 0
github.com/KKGo-Software-engineering/workshop-summer/api/config/config.go:74.2,75.16 2 1
github.com/KKGo-Software-engineering/workshop-summer/api/config/config.go:75.16,77.3 1 1
github.com/KKGo-Software-engineering/workshop-summer/api/config/config.go:79.2,89.8 1 1
github.com/KKGo-Software-engineering/workshop-summer/api/config/config.go:92.37,93.17 1 1
github.com/KKGo-Software-engineering/workshop-summer/api/config/config.go:93.17,96.17 3 1
github.com/KKGo-Software-engineering/workshop-summer/api/config/config.go:96.17,98.4 1 0
github.com/KKGo-Software-engineering/workshop-summer/api/config/config.go:101.2,101.15 1 1
github.com/KKGo-Software-engineering/workshop-summer/api/eslip/eslip.go:12.35,14.16 2 0
github.com/KKGo-Software-engineering/workshop-summer/api/eslip/eslip.go:14.16,19.3 1 0
github.com/KKGo-Software-engineering/workshop-summer/api/eslip/eslip.go:20.2,22.31 3 0
github.com/KKGo-Software-engineering/workshop-summer/api/eslip/eslip.go:22.31,25.17 3 0
github.com/KKGo-Software-engineering/workshop-summer/api/eslip/eslip.go:25.17,30.4 1 0
github.com/KKGo-Software-engineering/workshop-summer/api/eslip/eslip.go:31.3,35.17 3 0
github.com/KKGo-Software-engineering/workshop-summer/api/eslip/eslip.go:35.17,40.4 1 0
github.com/KKGo-Software-engineering/workshop-summer/api/eslip/eslip.go:41.3,41.37 1 0
github.com/KKGo-Software-engineering/workshop-summer/api/eslip/eslip.go:44.2,47.4 1 0
github.com/KKGo-Software-engineering/workshop-summer/api/eslip/eslip.go:50.86,72.2 1 1
github.com/KKGo-Software-engineering/workshop-summer/api/health/health.go:12.51,13.36 1 1
github.com/KKGo-Software-engineering/workshop-summer/api/health/health.go:13.36,14.35 1 1
github.com/KKGo-Software-engineering/workshop-summer/api/health/health.go:14.35,18.4 1 0
github.com/KKGo-Software-engineering/workshop-summer/api/health/health.go:20.3,22.57 1 1
github.com/KKGo-Software-engineering/workshop-summer/api/health/health.go:27.33,31.2 3 0
github.com/KKGo-Software-engineering/workshop-summer/api/spender/spender.go:24.55,26.2 1 1
github.com/KKGo-Software-engineering/workshop-summer/api/spender/spender.go:32.47,33.33 1 1
github.com/KKGo-Software-engineering/workshop-summer/api/spender/spender.go:33.33,35.3 1 1
github.com/KKGo-Software-engineering/workshop-summer/api/spender/spender.go:37.2,41.16 5 1
github.com/KKGo-Software-engineering/workshop-summer/api/spender/spender.go:41.16,44.3 2 1
github.com/KKGo-Software-engineering/workshop-summer/api/spender/spender.go:46.2,48.16 3 1
github.com/KKGo-Software-engineering/workshop-summer/api/spender/spender.go:48.16,51.3 2 1
github.com/KKGo-Software-engineering/workshop-summer/api/spender/spender.go:53.2,55.39 3 1
github.com/KKGo-Software-engineering/workshop-summer/api/spender/spender.go:58.47,63.16 4 1
github.com/KKGo-Software-engineering/workshop-summer/api/spender/spender.go:63.16,66.3 2 1
github.com/KKGo-Software-engineering/workshop-summer/api/spender/spender.go:67.2,70.18 3 1
github.com/KKGo-Software-engineering/workshop-summer/api/spender/spender.go:70.18,73.17 3 1
github.com/KKGo-Software-engineering/workshop-summer/api/spender/spender.go:73.17,76.4 2 0
github.com/KKGo-Software-engineering/workshop-summer/api/spender/spender.go:77.3,77.24 1 1
github.com/KKGo-Software-engineering/workshop-summer/api/spender/spender.go:80.2,80.35 1 1
github.com/KKGo-Software-engineering/workshop-summer/api/transaction/transaction.go:28.31,32.2 1 1
github.com/KKGo-Software-engineering/workshop-summer/api/transaction/transaction.go:34.47,40.16 5 1
github.com/KKGo-Software-engineering/workshop-summer/api/transaction/transaction.go:40.16,43.3 2 0
github.com/KKGo-Software-engineering/workshop-summer/api/transaction/transaction.go:45.2,47.16 3 1
github.com/KKGo-Software-engineering/workshop-summer/api/transaction/transaction.go:47.16,50.3 2 1
github.com/KKGo-Software-engineering/workshop-summer/api/transaction/transaction.go:52.2,54.41 2 1
